Symlinking /mnt/shared/franka-interface/catkin_ws/devel/include/franka_gripper/GraspAction.h
Symlinking /mnt/shared/franka-interface/catkin_ws/devel/include/franka_gripper/HomingFeedback.h
Symlinking /mnt/shared/franka-interface/catkin_ws/devel/include/franka_gripper/StopAction.h
Symlinking /mnt/shared/franka-interface/catkin_ws/devel/include/franka_gripper/GraspActionFeedback.h
Symlinking /mnt/shared/franka-interface/catkin_ws/devel/include/franka_gripper/StopFeedback.h
Symlinking /mnt/shared/franka-interface/catkin_ws/devel/include/franka_gripper/MoveGoal.h
Symlinking /mnt/shared/franka-interface/catkin_ws/devel/include/franka_gripper/GraspGoal.h
Symlinking /mnt/shared/franka-interface/catkin_ws/devel/include/franka_gripper/MoveFeedback.h
Symlinking /mnt/shared/franka-interface/catkin_ws/devel/include/franka_gripper/HomingResult.h
Symlinking /mnt/shared/franka-interface/catkin_ws/devel/include/franka_gripper/GraspActionResult.h
Symlinking /mnt/shared/franka-interface/catkin_ws/devel/include/franka_gripper/MoveActionFeedback.h
Symlinking /mnt/shared/franka-interface/catkin_ws/devel/include/franka_gripper/MoveActionGoal.h
Symlinking /mnt/shared/franka-interface/catkin_ws/devel/include/franka_gripper/MoveActionResult.h
Symlinking /mnt/shared/franka-interface/catkin_ws/devel/include/franka_gripper/MoveAction.h
Symlinking /mnt/shared/franka-interface/catkin_ws/devel/include/franka_gripper/GraspEpsilon.h
Symlinking /mnt/shared/franka-interface/catkin_ws/devel/include/franka_gripper/HomingActionFeedback.h
Symlinking /mnt/shared/franka-interface/catkin_ws/devel/include/franka_gripper/StopGoal.h
Symlinking /mnt/shared/franka-interface/catkin_ws/devel/include/franka_gripper/GraspResult.h
Symlinking /mnt/shared/franka-interface/catkin_ws/devel/include/franka_gripper/HomingActionGoal.h
Symlinking /mnt/shared/franka-interface/catkin_ws/devel/include/franka_gripper/StopActionGoal.h
Symlinking /mnt/shared/franka-interface/catkin_ws/devel/include/franka_gripper/StopResult.h
Symlinking /mnt/shared/franka-interface/catkin_ws/devel/include/franka_gripper/GraspActionGoal.h
Symlinking /mnt/shared/franka-interface/catkin_ws/devel/include/franka_gripper/StopActionFeedback.h
Symlinking /mnt/shared/franka-interface/catkin_ws/devel/include/franka_gripper/HomingGoal.h
Symlinking /mnt/shared/franka-interface/catkin_ws/devel/include/franka_gripper/HomingActionResult.h
Symlinking /mnt/shared/franka-interface/catkin_ws/devel/include/franka_gripper/StopActionResult.h
Symlinking /mnt/shared/franka-interface/catkin_ws/devel/include/franka_gripper/MoveResult.h
Symlinking /mnt/shared/franka-interface/catkin_ws/devel/include/franka_gripper/GraspFeedback.h
Symlinking /mnt/shared/franka-interface/catkin_ws/devel/include/franka_gripper/HomingAction.h
Symlinking /mnt/shared/franka-interface/catkin_ws/devel/share/roseus/ros/franka_gripper/manifest.l
Symlinking /mnt/shared/franka-interface/catkin_ws/devel/share/roseus/ros/franka_gripper/msg/GraspAction.l
Symlinking /mnt/shared/franka-interface/catkin_ws/devel/share/roseus/ros/franka_gripper/msg/HomingActionGoal.l
Symlinking /mnt/shared/franka-interface/catkin_ws/devel/share/roseus/ros/franka_gripper/msg/MoveActionFeedback.l
Symlinking /mnt/shared/franka-interface/catkin_ws/devel/share/roseus/ros/franka_gripper/msg/StopActionGoal.l
Symlinking /mnt/shared/franka-interface/catkin_ws/devel/share/roseus/ros/franka_gripper/msg/StopFeedback.l
Symlinking /mnt/shared/franka-interface/catkin_ws/devel/share/roseus/ros/franka_gripper/msg/StopActionFeedback.l
Symlinking /mnt/shared/franka-interface/catkin_ws/devel/share/roseus/ros/franka_gripper/msg/StopGoal.l
Symlinking /mnt/shared/franka-interface/catkin_ws/devel/share/roseus/ros/franka_gripper/msg/MoveGoal.l
Symlinking /mnt/shared/franka-interface/catkin_ws/devel/share/roseus/ros/franka_gripper/msg/MoveFeedback.l
Symlinking /mnt/shared/franka-interface/catkin_ws/devel/share/roseus/ros/franka_gripper/msg/HomingResult.l
Symlinking /mnt/shared/franka-interface/catkin_ws/devel/share/roseus/ros/franka_gripper/msg/GraspActionResult.l
Symlinking /mnt/shared/franka-interface/catkin_ws/devel/share/roseus/ros/franka_gripper/msg/HomingActionResult.l
Symlinking /mnt/shared/franka-interface/catkin_ws/devel/share/roseus/ros/franka_gripper/msg/GraspActionFeedback.l
Symlinking /mnt/shared/franka-interface/catkin_ws/devel/share/roseus/ros/franka_gripper/msg/MoveActionResult.l
Symlinking /mnt/shared/franka-interface/catkin_ws/devel/share/roseus/ros/franka_gripper/msg/HomingAction.l
Symlinking /mnt/shared/franka-interface/catkin_ws/devel/share/roseus/ros/franka_gripper/msg/HomingActionFeedback.l
Symlinking /mnt/shared/franka-interface/catkin_ws/devel/share/roseus/ros/franka_gripper/msg/GraspGoal.l
Symlinking /mnt/shared/franka-interface/catkin_ws/devel/share/roseus/ros/franka_gripper/msg/GraspFeedback.l
Symlinking /mnt/shared/franka-interface/catkin_ws/devel/share/roseus/ros/franka_gripper/msg/GraspEpsilon.l
Symlinking /mnt/shared/franka-interface/catkin_ws/devel/share/roseus/ros/franka_gripper/msg/HomingFeedback.l
Symlinking /mnt/shared/franka-interface/catkin_ws/devel/share/roseus/ros/franka_gripper/msg/HomingGoal.l
Symlinking /mnt/shared/franka-interface/catkin_ws/devel/share/roseus/ros/franka_gripper/msg/StopResult.l
Symlinking /mnt/shared/franka-interface/catkin_ws/devel/share/roseus/ros/franka_gripper/msg/StopAction.l
Symlinking /mnt/shared/franka-interface/catkin_ws/devel/share/roseus/ros/franka_gripper/msg/MoveAction.l
Symlinking /mnt/shared/franka-interface/catkin_ws/devel/share/roseus/ros/franka_gripper/msg/GraspActionGoal.l
Symlinking /mnt/shared/franka-interface/catkin_ws/devel/share/roseus/ros/franka_gripper/msg/MoveResult.l
Symlinking /mnt/shared/franka-interface/catkin_ws/devel/share/roseus/ros/franka_gripper/msg/StopActionResult.l
Symlinking /mnt/shared/franka-interface/catkin_ws/devel/share/roseus/ros/franka_gripper/msg/MoveActionGoal.l
Symlinking /mnt/shared/franka-interface/catkin_ws/devel/share/roseus/ros/franka_gripper/msg/GraspResult.l
Symlinking /mnt/shared/franka-interface/catkin_ws/devel/share/gennodejs/ros/franka_gripper/_index.js
Symlinking /mnt/shared/franka-interface/catkin_ws/devel/share/gennodejs/ros/franka_gripper/msg/GraspGoal.js
Symlinking /mnt/shared/franka-interface/catkin_ws/devel/share/gennodejs/ros/franka_gripper/msg/HomingFeedback.js
Symlinking /mnt/shared/franka-interface/catkin_ws/devel/share/gennodejs/ros/franka_gripper/msg/MoveGoal.js
Symlinking /mnt/shared/franka-interface/catkin_ws/devel/share/gennodejs/ros/franka_gripper/msg/MoveActionFeedback.js
Symlinking /mnt/shared/franka-interface/catkin_ws/devel/share/gennodejs/ros/franka_gripper/msg/GraspActionGoal.js
Symlinking /mnt/shared/franka-interface/catkin_ws/devel/share/gennodejs/ros/franka_gripper/msg/MoveResult.js
Symlinking /mnt/shared/franka-interface/catkin_ws/devel/share/gennodejs/ros/franka_gripper/msg/HomingActionGoal.js
Symlinking /mnt/shared/franka-interface/catkin_ws/devel/share/gennodejs/ros/franka_gripper/msg/HomingAction.js
Symlinking /mnt/shared/franka-interface/catkin_ws/devel/share/gennodejs/ros/franka_gripper/msg/MoveActionGoal.js
Symlinking /mnt/shared/franka-interface/catkin_ws/devel/share/gennodejs/ros/franka_gripper/msg/GraspAction.js
Symlinking /mnt/shared/franka-interface/catkin_ws/devel/share/gennodejs/ros/franka_gripper/msg/MoveFeedback.js
Symlinking /mnt/shared/franka-interface/catkin_ws/devel/share/gennodejs/ros/franka_gripper/msg/GraspResult.js
Symlinking /mnt/shared/franka-interface/catkin_ws/devel/share/gennodejs/ros/franka_gripper/msg/GraspActionResult.js
Symlinking /mnt/shared/franka-interface/catkin_ws/devel/share/gennodejs/ros/franka_gripper/msg/StopActionResult.js
Symlinking /mnt/shared/franka-interface/catkin_ws/devel/share/gennodejs/ros/franka_gripper/msg/StopAction.js
Symlinking /mnt/shared/franka-interface/catkin_ws/devel/share/gennodejs/ros/franka_gripper/msg/GraspFeedback.js
Symlinking /mnt/shared/franka-interface/catkin_ws/devel/share/gennodejs/ros/franka_gripper/msg/HomingActionFeedback.js
Symlinking /mnt/shared/franka-interface/catkin_ws/devel/share/gennodejs/ros/franka_gripper/msg/StopActionFeedback.js
Symlinking /mnt/shared/franka-interface/catkin_ws/devel/share/gennodejs/ros/franka_gripper/msg/GraspActionFeedback.js
Symlinking /mnt/shared/franka-interface/catkin_ws/devel/share/gennodejs/ros/franka_gripper/msg/HomingActionResult.js
Symlinking /mnt/shared/franka-interface/catkin_ws/devel/share/gennodejs/ros/franka_gripper/msg/HomingResult.js
Symlinking /mnt/shared/franka-interface/catkin_ws/devel/share/gennodejs/ros/franka_gripper/msg/StopFeedback.js
Symlinking /mnt/shared/franka-interface/catkin_ws/devel/share/gennodejs/ros/franka_gripper/msg/StopActionGoal.js
Symlinking /mnt/shared/franka-interface/catkin_ws/devel/share/gennodejs/ros/franka_gripper/msg/StopResult.js
Symlinking /mnt/shared/franka-interface/catkin_ws/devel/share/gennodejs/ros/franka_gripper/msg/GraspEpsilon.js
Symlinking /mnt/shared/franka-interface/catkin_ws/devel/share/gennodejs/ros/franka_gripper/msg/HomingGoal.js
Symlinking /mnt/shared/franka-interface/catkin_ws/devel/share/gennodejs/ros/franka_gripper/msg/MoveAction.js
Symlinking /mnt/shared/franka-interface/catkin_ws/devel/share/gennodejs/ros/franka_gripper/msg/_index.js
Symlinking /mnt/shared/franka-interface/catkin_ws/devel/share/gennodejs/ros/franka_gripper/msg/MoveActionResult.js
Symlinking /mnt/shared/franka-interface/catkin_ws/devel/share/gennodejs/ros/franka_gripper/msg/StopGoal.js
Symlinking /mnt/shared/franka-interface/catkin_ws/devel/share/common-lisp/ros/franka_gripper/msg/_package_StopFeedback.lisp
Symlinking /mnt/shared/franka-interface/catkin_ws/devel/share/common-lisp/ros/franka_gripper/msg/GraspActionResult.lisp
Symlinking /mnt/shared/franka-interface/catkin_ws/devel/share/common-lisp/ros/franka_gripper/msg/_package_GraspEpsilon.lisp
Symlinking /mnt/shared/franka-interface/catkin_ws/devel/share/common-lisp/ros/franka_gripper/msg/_package_HomingResult.lisp
Symlinking /mnt/shared/franka-interface/catkin_ws/devel/share/common-lisp/ros/franka_gripper/msg/StopActionResult.lisp
Symlinking /mnt/shared/franka-interface/catkin_ws/devel/share/common-lisp/ros/franka_gripper/msg/_package_HomingActionGoal.lisp
Symlinking /mnt/shared/franka-interface/catkin_ws/devel/share/common-lisp/ros/franka_gripper/msg/StopActionFeedback.lisp
Symlinking /mnt/shared/franka-interface/catkin_ws/devel/share/common-lisp/ros/franka_gripper/msg/_package_GraspGoal.lisp
Symlinking /mnt/shared/franka-interface/catkin_ws/devel/share/common-lisp/ros/franka_gripper/msg/HomingGoal.lisp
Symlinking /mnt/shared/franka-interface/catkin_ws/devel/share/common-lisp/ros/franka_gripper/msg/GraspAction.lisp
Symlinking /mnt/shared/franka-interface/catkin_ws/devel/share/common-lisp/ros/franka_gripper/msg/HomingActionResult.lisp
Symlinking /mnt/shared/franka-interface/catkin_ws/devel/share/common-lisp/ros/franka_gripper/msg/_package_StopActionGoal.lisp
Symlinking /mnt/shared/franka-interface/catkin_ws/devel/share/common-lisp/ros/franka_gripper/msg/_package_MoveAction.lisp
Symlinking /mnt/shared/franka-interface/catkin_ws/devel/share/common-lisp/ros/franka_gripper/msg/_package_GraspFeedback.lisp
Symlinking /mnt/shared/franka-interface/catkin_ws/devel/share/common-lisp/ros/franka_gripper/msg/MoveFeedback.lisp
Symlinking /mnt/shared/franka-interface/catkin_ws/devel/share/common-lisp/ros/franka_gripper/msg/StopResult.lisp
Symlinking /mnt/shared/franka-interface/catkin_ws/devel/share/common-lisp/ros/franka_gripper/msg/_package_MoveActionFeedback.lisp
Symlinking /mnt/shared/franka-interface/catkin_ws/devel/share/common-lisp/ros/franka_gripper/msg/_package_GraspActionResult.lisp
Symlinking /mnt/shared/franka-interface/catkin_ws/devel/share/common-lisp/ros/franka_gripper/msg/_package_StopActionResult.lisp
Symlinking /mnt/shared/franka-interface/catkin_ws/devel/share/common-lisp/ros/franka_gripper/msg/franka_gripper-msg.asd
Symlinking /mnt/shared/franka-interface/catkin_ws/devel/share/common-lisp/ros/franka_gripper/msg/_package_MoveGoal.lisp
Symlinking /mnt/shared/franka-interface/catkin_ws/devel/share/common-lisp/ros/franka_gripper/msg/_package.lisp
Symlinking /mnt/shared/franka-interface/catkin_ws/devel/share/common-lisp/ros/franka_gripper/msg/MoveActionResult.lisp
Symlinking /mnt/shared/franka-interface/catkin_ws/devel/share/common-lisp/ros/franka_gripper/msg/_package_GraspResult.lisp
Symlinking /mnt/shared/franka-interface/catkin_ws/devel/share/common-lisp/ros/franka_gripper/msg/GraspFeedback.lisp
Symlinking /mnt/shared/franka-interface/catkin_ws/devel/share/common-lisp/ros/franka_gripper/msg/GraspResult.lisp
Symlinking /mnt/shared/franka-interface/catkin_ws/devel/share/common-lisp/ros/franka_gripper/msg/GraspEpsilon.lisp
Symlinking /mnt/shared/franka-interface/catkin_ws/devel/share/common-lisp/ros/franka_gripper/msg/StopActionGoal.lisp
Symlinking /mnt/shared/franka-interface/catkin_ws/devel/share/common-lisp/ros/franka_gripper/msg/GraspGoal.lisp
Symlinking /mnt/shared/franka-interface/catkin_ws/devel/share/common-lisp/ros/franka_gripper/msg/HomingActionFeedback.lisp
Symlinking /mnt/shared/franka-interface/catkin_ws/devel/share/common-lisp/ros/franka_gripper/msg/HomingActionGoal.lisp
Symlinking /mnt/shared/franka-interface/catkin_ws/devel/share/common-lisp/ros/franka_gripper/msg/_package_HomingAction.lisp
Symlinking /mnt/shared/franka-interface/catkin_ws/devel/share/common-lisp/ros/franka_gripper/msg/MoveActionGoal.lisp
Symlinking /mnt/shared/franka-interface/catkin_ws/devel/share/common-lisp/ros/franka_gripper/msg/MoveResult.lisp
Symlinking /mnt/shared/franka-interface/catkin_ws/devel/share/common-lisp/ros/franka_gripper/msg/StopAction.lisp
Symlinking /mnt/shared/franka-interface/catkin_ws/devel/share/common-lisp/ros/franka_gripper/msg/MoveAction.lisp
Symlinking /mnt/shared/franka-interface/catkin_ws/devel/share/common-lisp/ros/franka_gripper/msg/StopGoal.lisp
Symlinking /mnt/shared/franka-interface/catkin_ws/devel/share/common-lisp/ros/franka_gripper/msg/HomingFeedback.lisp
Symlinking /mnt/shared/franka-interface/catkin_ws/devel/share/common-lisp/ros/franka_gripper/msg/_package_StopAction.lisp
Symlinking /mnt/shared/franka-interface/catkin_ws/devel/share/common-lisp/ros/franka_gripper/msg/_package_HomingActionFeedback.lisp
Symlinking /mnt/shared/franka-interface/catkin_ws/devel/share/common-lisp/ros/franka_gripper/msg/_package_GraspAction.lisp
Symlinking /mnt/shared/franka-interface/catkin_ws/devel/share/common-lisp/ros/franka_gripper/msg/_package_HomingFeedback.lisp
Symlinking /mnt/shared/franka-interface/catkin_ws/devel/share/common-lisp/ros/franka_gripper/msg/HomingAction.lisp
Symlinking /mnt/shared/franka-interface/catkin_ws/devel/share/common-lisp/ros/franka_gripper/msg/_package_HomingGoal.lisp
Symlinking /mnt/shared/franka-interface/catkin_ws/devel/share/common-lisp/ros/franka_gripper/msg/GraspActionFeedback.lisp
Symlinking /mnt/shared/franka-interface/catkin_ws/devel/share/common-lisp/ros/franka_gripper/msg/_package_MoveFeedback.lisp
Symlinking /mnt/shared/franka-interface/catkin_ws/devel/share/common-lisp/ros/franka_gripper/msg/_package_HomingActionResult.lisp
Symlinking /mnt/shared/franka-interface/catkin_ws/devel/share/common-lisp/ros/franka_gripper/msg/_package_GraspActionGoal.lisp
Symlinking /mnt/shared/franka-interface/catkin_ws/devel/share/common-lisp/ros/franka_gripper/msg/_package_StopGoal.lisp
Symlinking /mnt/shared/franka-interface/catkin_ws/devel/share/common-lisp/ros/franka_gripper/msg/_package_MoveActionResult.lisp
Symlinking /mnt/shared/franka-interface/catkin_ws/devel/share/common-lisp/ros/franka_gripper/msg/_package_StopResult.lisp
Symlinking /mnt/shared/franka-interface/catkin_ws/devel/share/common-lisp/ros/franka_gripper/msg/_package_StopActionFeedback.lisp
Symlinking /mnt/shared/franka-interface/catkin_ws/devel/share/common-lisp/ros/franka_gripper/msg/MoveGoal.lisp
Symlinking /mnt/shared/franka-interface/catkin_ws/devel/share/common-lisp/ros/franka_gripper/msg/_package_GraspActionFeedback.lisp
Symlinking /mnt/shared/franka-interface/catkin_ws/devel/share/common-lisp/ros/franka_gripper/msg/GraspActionGoal.lisp
Symlinking /mnt/shared/franka-interface/catkin_ws/devel/share/common-lisp/ros/franka_gripper/msg/StopFeedback.lisp
Symlinking /mnt/shared/franka-interface/catkin_ws/devel/share/common-lisp/ros/franka_gripper/msg/_package_MoveResult.lisp
Symlinking /mnt/shared/franka-interface/catkin_ws/devel/share/common-lisp/ros/franka_gripper/msg/_package_MoveActionGoal.lisp
Symlinking /mnt/shared/franka-interface/catkin_ws/devel/share/common-lisp/ros/franka_gripper/msg/MoveActionFeedback.lisp
Symlinking /mnt/shared/franka-interface/catkin_ws/devel/share/common-lisp/ros/franka_gripper/msg/HomingResult.lisp
Symlinking /mnt/shared/franka-interface/catkin_ws/devel/share/franka_gripper/msg/StopActionGoal.msg
Symlinking /mnt/shared/franka-interface/catkin_ws/devel/share/franka_gripper/msg/MoveFeedback.msg
Symlinking /mnt/shared/franka-interface/catkin_ws/devel/share/franka_gripper/msg/HomingResult.msg
Symlinking /mnt/shared/franka-interface/catkin_ws/devel/share/franka_gripper/msg/GraspActionFeedback.msg
Symlinking /mnt/shared/franka-interface/catkin_ws/devel/share/franka_gripper/msg/GraspActionGoal.msg
Symlinking /mnt/shared/franka-interface/catkin_ws/devel/share/franka_gripper/msg/MoveGoal.msg
Symlinking /mnt/shared/franka-interface/catkin_ws/devel/share/franka_gripper/msg/StopFeedback.msg
Symlinking /mnt/shared/franka-interface/catkin_ws/devel/share/franka_gripper/msg/StopActionResult.msg
Symlinking /mnt/shared/franka-interface/catkin_ws/devel/share/franka_gripper/msg/HomingFeedback.msg
Symlinking /mnt/shared/franka-interface/catkin_ws/devel/share/franka_gripper/msg/HomingAction.msg
Symlinking /mnt/shared/franka-interface/catkin_ws/devel/share/franka_gripper/msg/GraspActionResult.msg
Symlinking /mnt/shared/franka-interface/catkin_ws/devel/share/franka_gripper/msg/GraspGoal.msg
Symlinking /mnt/shared/franka-interface/catkin_ws/devel/share/franka_gripper/msg/StopResult.msg
Symlinking /mnt/shared/franka-interface/catkin_ws/devel/share/franka_gripper/msg/HomingGoal.msg
Symlinking /mnt/shared/franka-interface/catkin_ws/devel/share/franka_gripper/msg/MoveActionFeedback.msg
Symlinking /mnt/shared/franka-interface/catkin_ws/devel/share/franka_gripper/msg/HomingActionGoal.msg
Symlinking /mnt/shared/franka-interface/catkin_ws/devel/share/franka_gripper/msg/MoveAction.msg
Symlinking /mnt/shared/franka-interface/catkin_ws/devel/share/franka_gripper/msg/StopActionFeedback.msg
Symlinking /mnt/shared/franka-interface/catkin_ws/devel/share/franka_gripper/msg/MoveActionGoal.msg
Symlinking /mnt/shared/franka-interface/catkin_ws/devel/share/franka_gripper/msg/HomingActionFeedback.msg
Symlinking /mnt/shared/franka-interface/catkin_ws/devel/share/franka_gripper/msg/GraspResult.msg
Symlinking /mnt/shared/franka-interface/catkin_ws/devel/share/franka_gripper/msg/HomingActionResult.msg
Symlinking /mnt/shared/franka-interface/catkin_ws/devel/share/franka_gripper/msg/MoveResult.msg
Symlinking /mnt/shared/franka-interface/catkin_ws/devel/share/franka_gripper/msg/StopGoal.msg
Symlinking /mnt/shared/franka-interface/catkin_ws/devel/share/franka_gripper/msg/GraspFeedback.msg
Symlinking /mnt/shared/franka-interface/catkin_ws/devel/share/franka_gripper/msg/GraspAction.msg
Symlinking /mnt/shared/franka-interface/catkin_ws/devel/share/franka_gripper/msg/MoveActionResult.msg
Symlinking /mnt/shared/franka-interface/catkin_ws/devel/share/franka_gripper/msg/StopAction.msg
Symlinking /mnt/shared/franka-interface/catkin_ws/devel/share/franka_gripper/cmake/franka_gripperConfig-version.cmake
Symlinking /mnt/shared/franka-interface/catkin_ws/devel/share/franka_gripper/cmake/franka_gripperConfig.cmake
Symlinking /mnt/shared/franka-interface/catkin_ws/devel/share/franka_gripper/cmake/franka_gripper-msg-extras.cmake
Symlinking /mnt/shared/franka-interface/catkin_ws/devel/share/franka_gripper/cmake/franka_gripper-msg-paths.cmake
Symlinking /mnt/shared/franka-interface/catkin_ws/devel/lib/libfranka_gripper.so
Symlinking /mnt/shared/franka-interface/catkin_ws/devel/lib/franka_gripper/franka_gripper_node
Symlinking /mnt/shared/franka-interface/catkin_ws/devel/lib/python3/dist-packages/franka_gripper/__init__.py
Symlinking /mnt/shared/franka-interface/catkin_ws/devel/lib/python3/dist-packages/franka_gripper/msg/_MoveResult.py
Symlinking /mnt/shared/franka-interface/catkin_ws/devel/lib/python3/dist-packages/franka_gripper/msg/_HomingAction.py
Symlinking /mnt/shared/franka-interface/catkin_ws/devel/lib/python3/dist-packages/franka_gripper/msg/_MoveActionResult.py
Symlinking /mnt/shared/franka-interface/catkin_ws/devel/lib/python3/dist-packages/franka_gripper/msg/_HomingResult.py
Symlinking /mnt/shared/franka-interface/catkin_ws/devel/lib/python3/dist-packages/franka_gripper/msg/_StopGoal.py
Symlinking /mnt/shared/franka-interface/catkin_ws/devel/lib/python3/dist-packages/franka_gripper/msg/_StopActionFeedback.py
Symlinking /mnt/shared/franka-interface/catkin_ws/devel/lib/python3/dist-packages/franka_gripper/msg/_GraspActionGoal.py
Symlinking /mnt/shared/franka-interface/catkin_ws/devel/lib/python3/dist-packages/franka_gripper/msg/_GraspActionFeedback.py
Symlinking /mnt/shared/franka-interface/catkin_ws/devel/lib/python3/dist-packages/franka_gripper/msg/_GraspActionResult.py
Symlinking /mnt/shared/franka-interface/catkin_ws/devel/lib/python3/dist-packages/franka_gripper/msg/_HomingGoal.py
Symlinking /mnt/shared/franka-interface/catkin_ws/devel/lib/python3/dist-packages/franka_gripper/msg/_MoveFeedback.py
Symlinking /mnt/shared/franka-interface/catkin_ws/devel/lib/python3/dist-packages/franka_gripper/msg/_StopActionResult.py
Symlinking /mnt/shared/franka-interface/catkin_ws/devel/lib/python3/dist-packages/franka_gripper/msg/_MoveActionGoal.py
Symlinking /mnt/shared/franka-interface/catkin_ws/devel/lib/python3/dist-packages/franka_gripper/msg/_MoveGoal.py
Symlinking /mnt/shared/franka-interface/catkin_ws/devel/lib/python3/dist-packages/franka_gripper/msg/_StopAction.py
Symlinking /mnt/shared/franka-interface/catkin_ws/devel/lib/python3/dist-packages/franka_gripper/msg/_HomingActionResult.py
Symlinking /mnt/shared/franka-interface/catkin_ws/devel/lib/python3/dist-packages/franka_gripper/msg/_GraspFeedback.py
Symlinking /mnt/shared/franka-interface/catkin_ws/devel/lib/python3/dist-packages/franka_gripper/msg/_GraspResult.py
Symlinking /mnt/shared/franka-interface/catkin_ws/devel/lib/python3/dist-packages/franka_gripper/msg/_GraspAction.py
Symlinking /mnt/shared/franka-interface/catkin_ws/devel/lib/python3/dist-packages/franka_gripper/msg/_HomingActionFeedback.py
Symlinking /mnt/shared/franka-interface/catkin_ws/devel/lib/python3/dist-packages/franka_gripper/msg/_StopActionGoal.py
Symlinking /mnt/shared/franka-interface/catkin_ws/devel/lib/python3/dist-packages/franka_gripper/msg/_MoveAction.py
Symlinking /mnt/shared/franka-interface/catkin_ws/devel/lib/python3/dist-packages/franka_gripper/msg/__init__.py
Symlinking /mnt/shared/franka-interface/catkin_ws/devel/lib/python3/dist-packages/franka_gripper/msg/_GraspEpsilon.py
Symlinking /mnt/shared/franka-interface/catkin_ws/devel/lib/python3/dist-packages/franka_gripper/msg/_HomingActionGoal.py
Symlinking /mnt/shared/franka-interface/catkin_ws/devel/lib/python3/dist-packages/franka_gripper/msg/_StopFeedback.py
Symlinking /mnt/shared/franka-interface/catkin_ws/devel/lib/python3/dist-packages/franka_gripper/msg/_StopResult.py
Symlinking /mnt/shared/franka-interface/catkin_ws/devel/lib/python3/dist-packages/franka_gripper/msg/_MoveActionFeedback.py
Symlinking /mnt/shared/franka-interface/catkin_ws/devel/lib/python3/dist-packages/franka_gripper/msg/_GraspGoal.py
Symlinking /mnt/shared/franka-interface/catkin_ws/devel/lib/python3/dist-packages/franka_gripper/msg/_HomingFeedback.py
Symlinking /mnt/shared/franka-interface/catkin_ws/devel/lib/pkgconfig/franka_gripper.pc
